waiting for traj_0 ...
waiting for traj_1 ...
waiting for traj_3 ...
waiting for traj_2 ...
waiting for traj_4 ...
waiting for traj_5 ...
waiting for traj_6 ...
waiting for traj_9 ...
waiting for traj_8 ...
waiting for traj_7 ...
waiting for traj_0 ...
waiting for traj_1 ...
waiting for traj_3 ...
waiting for traj_2 ...
waiting for traj_4 ...
waiting for traj_5 ...
waiting for traj_6 ...
waiting for traj_9 ...
waiting for traj_7 ...
waiting for traj_8 ...
waiting for traj_0 ...
waiting for traj_1 ...
waiting for traj_3 ...
waiting for traj_2 ...
waiting for traj_4 ...
waiting for traj_5 ...
waiting for traj_6 ...
waiting for traj_9 ...
waiting for traj_7 ...
waiting for traj_8 ...
waiting for traj_0 ...
waiting for traj_1 ...
waiting for traj_3 ...
waiting for traj_2 ...
waiting for traj_4 ...
waiting for traj_5 ...
waiting for traj_6 ...
waiting for traj_9 ...
waiting for traj_7 ...
waiting for traj_8 ...
waiting for traj_0 ...
waiting for traj_1 ...
waiting for traj_3 ...
waiting for traj_2 ...
waiting for traj_4 ...
waiting for traj_5 ...
waiting for traj_6 ...
waiting for traj_9 ...
waiting for traj_7 ...
waiting for traj_8 ...
waiting for traj_0 ...
waiting for traj_1 ...
waiting for traj_3 ...
waiting for traj_2 ...
waiting for traj_4 ...
waiting for traj_5 ...
waiting for traj_6 ...
waiting for traj_9 ...
waiting for traj_7 ...
waiting for traj_8 ...
waiting for traj_0 ...
waiting for traj_1 ...
waiting for traj_3 ...
waiting for traj_2 ...
waiting for traj_4 ...
waiting for traj_5 ...
waiting for traj_6 ...
waiting for traj_9 ...
waiting for traj_7 ...
waiting for traj_8 ...
waiting for traj_0 ...
waiting for traj_1 ...
waiting for traj_3 ...
waiting for traj_2 ...
waiting for traj_4 ...
waiting for traj_5 ...
waiting for traj_6 ...
waiting for traj_9 ...
waiting for traj_7 ...
waiting for traj_8 ...
waiting for traj_0 ...
waiting for traj_1 ...
waiting for traj_3 ...
waiting for traj_2 ...
waiting for traj_4 ...
waiting for traj_5 ...
waiting for traj_6 ...
waiting for traj_9 ...
waiting for traj_7 ...
waiting for traj_8 ...
waiting for traj_0 ...
waiting for traj_1 ...
waiting for traj_3 ...
waiting for traj_2 ...
waiting for traj_4 ...
waiting for traj_5 ...
waiting for traj_6 ...
waiting for traj_9 ...
waiting for traj_7 ...
waiting for traj_8 ...
waiting for traj_0 ...
waiting for traj_1 ...
waiting for traj_3 ...
waiting for traj_2 ...
waiting for traj_4 ...
waiting for traj_5 ...
waiting for traj_6 ...
waiting for traj_9 ...
waiting for traj_7 ...
waiting for traj_8 ...
waiting for traj_0 ...
waiting for traj_1 ...
waiting for traj_3 ...
waiting for traj_2 ...
waiting for traj_4 ...
waiting for traj_5 ...
waiting for traj_6 ...
waiting for traj_9 ...
waiting for traj_7 ...
waiting for traj_8 ...
waiting for traj_0 ...
waiting for traj_1 ...
waiting for traj_3 ...
waiting for traj_2 ...
waiting for traj_4 ...
waiting for traj_5 ...
waiting for traj_6 ...
waiting for traj_9 ...
waiting for traj_7 ...
waiting for traj_8 ...
waiting for traj_0 ...
waiting for traj_1 ...
waiting for traj_2 ...
waiting for traj_4 ...
waiting for traj_3 ...
waiting for traj_5 ...
waiting for traj_6 ...
waiting for traj_9 ...
waiting for traj_7 ...
waiting for traj_8 ...
waiting for traj_0 ...
waiting for traj_1 ...
waiting for traj_2 ...
waiting for traj_4 ...
waiting for traj_5 ...
waiting for traj_3 ...
waiting for traj_6 ...
waiting for traj_9 ...
waiting for traj_7 ...
waiting for traj_8 ...
waiting for traj_1 ...
waiting for traj_2 ...
waiting for traj_4 ...
waiting for traj_3 ...
waiting for traj_5 ...
waiting for traj_6 ...
waiting for traj_9 ...
waiting for traj_7 ...
waiting for traj_8 ...
waiting for traj_1 ...
waiting for traj_2 ...
waiting for traj_3 ...
waiting for traj_6 ...

 starting trajectory : 0 


 starting trajectory : 1 


 starting trajectory : 2 


 starting trajectory : 3 


 starting trajectory : 4 


 starting trajectory : 5 


 starting trajectory : 6 


 starting trajectory : 7 


 starting trajectory : 8 


 starting trajectory : 9 

job :  trajectory_0 finished with rc = 0
job :  trajectory_4 finished with rc = 0
job :  trajectory_5 finished with rc = 0
job :  trajectory_9 finished with rc = 0
job :  trajectory_7 finished with rc = 0
job :  trajectory_8 finished with rc = 0
job :  trajectory_1 finished with rc = 0
job :  trajectory_2 finished with rc = 0
job :  trajectory_6 finished with rc = 0
job :  trajectory_3 finished with rc = 0
Traceback (most recent call last):
  File "main.py", line 113, in <module>
    evaluation_score)
  File "/home/y0095063/DRL_py/ppo.py", line 75, in train_model
    states, actions, rewards, returns, logpas = fill_buffer(env, sample, n_sensor, gamma, r_1, r_2, r_3, r_4)
  File "/home/y0095063/DRL_py/reply_buffer.py", line 57, in fill_buffer
    t_traj = pd.read_csv(traj_files[0] + "trajectory.csv", sep=",", header=0)
  File "/home/y0095063/venv/lib/python3.7/site-packages/pandas/io/parsers.py", line 610, in read_csv
    return _read(filepath_or_buffer, kwds)
  File "/home/y0095063/venv/lib/python3.7/site-packages/pandas/io/parsers.py", line 462, in _read
    parser = TextFileReader(filepath_or_buffer, **kwds)
  File "/home/y0095063/venv/lib/python3.7/site-packages/pandas/io/parsers.py", line 819, in __init__
    self._engine = self._make_engine(self.engine)
  File "/home/y0095063/venv/lib/python3.7/site-packages/pandas/io/parsers.py", line 1050, in _make_engine
    return mapping[engine](self.f, **self.options)  # type: ignore[call-arg]
  File "/home/y0095063/venv/lib/python3.7/site-packages/pandas/io/parsers.py", line 1867, in __init__
    self._open_handles(src, kwds)
  File "/home/y0095063/venv/lib/python3.7/site-packages/pandas/io/parsers.py", line 1368, in _open_handles
    storage_options=kwds.get("storage_options", None),
  File "/home/y0095063/venv/lib/python3.7/site-packages/pandas/io/common.py", line 652, in get_handle
    newline="",
FileNotFoundError: [Errno 2] No such file or directory: './env/sample_0/trajectory_0/trajectory.csv'
